#
# There is insufficient memory for the Java Runtime Environment to continue.
# Native memory allocation (mmap) failed to map 83886080 bytes for committing reserved memory.
# Possible reasons:
#   The system is out of physical RAM or swap space
#   In 32 bit mode, the process size limit was hit
# Possible solutions:
#   Reduce memory load on the system
#   Increase physical memory or swap space
#   Check if swap backing store is full
#   Use 64 bit Java on a 64 bit OS
#   Decrease Java heap size (-Xmx/-Xms)
#   Decrease number of Java threads
#   Decrease Java thread stack sizes (-Xss)
#   Set larger code cache with -XX:ReservedCodeCacheSize=
# This output file may be truncated or incomplete.
#
#  Out of Memory Error (os_linux.cpp:2627), pid=7942, tid=140009502910208
#
# JRE version: Java(TM) SE Runtime Environment (8.0_77-b03) (build 1.8.0_77-b03)
# Java VM: Java HotSpot(TM) 64-Bit Server VM (25.77-b03 mixed mode linux-amd64 compressed oops)
# Failed to write core dump. Core dumps have been disabled. To enable core dumping, try "ulimit -c unlimited" before starting Java again
#

---------------  T H R E A D  ---------------

Current thread (0x00007f5690078000):  VMThread [stack: 0x00007f56809fa000,0x00007f5680afb000] [id=7952]

Stack: [0x00007f56809fa000,0x00007f5680afb000],  sp=0x00007f5680af9220,  free space=1020k
Native frames: (J=compiled Java code, j=interpreted, Vv=VM code, C=native code)
V  [libjvm.so+0xaba7ea]  VMError::report_and_die()+0x2ba
V  [libjvm.so+0x4f9e3b]  report_vm_out_of_memory(char const*, int, unsigned long, VMErrorType, char const*)+0x8b
V  [libjvm.so+0x91b613]  os::Linux::commit_memory_impl(char*, unsigned long, bool)+0x103
V  [libjvm.so+0x91bb69]  os::pd_commit_memory(char*, unsigned long, unsigned long, bool)+0x29
V  [libjvm.so+0x915e6a]  os::commit_memory(char*, unsigned long, unsigned long, bool)+0x2a
V  [libjvm.so+0x989543]  PSVirtualSpace::expand_by(unsigned long)+0x53
V  [libjvm.so+0x98a948]  PSYoungGen::resize_generation(unsigned long, unsigned long)+0xf8
V  [libjvm.so+0x989aa2]  PSYoungGen::resize(unsigned long, unsigned long)+0x22
V  [libjvm.so+0x986d7b]  PSScavenge::invoke_no_policy()+0xf3b
V  [libjvm.so+0x987501]  PSScavenge::invoke()+0x41
V  [libjvm.so+0x93f300]  ParallelScavengeHeap::failed_mem_allocate(unsigned long)+0x70
V  [libjvm.so+0xabc207]  VM_ParallelGCFailedAllocation::doit()+0x97
V  [libjvm.so+0xac3c35]  VM_Operation::evaluate()+0x55
V  [libjvm.so+0xac200a]  VMThread::evaluate_operation(VM_Operation*)+0xba
V  [libjvm.so+0xac238e]  VMThread::loop()+0x1ce
V  [libjvm.so+0xac2800]  VMThread::run()+0x70
V  [libjvm.so+0x91d9d8]  java_start(Thread*)+0x108

VM_Operation (0x00007f56797f5bd0): ParallelGCFailedAllocation, mode: safepoint, requested by thread 0x00007f5690154800


---------------  P R O C E S S  ---------------

Java Threads: ( => current thread )
  0x00007f5690156000 JavaThread "pool-1-thread-4" [_thread_blocked, id=7985, stack(0x00007f56795f6000,0x00007f56796f7000)]
  0x00007f5690154800 JavaThread "pool-1-thread-3" [_thread_blocked, id=7984, stack(0x00007f56796f7000,0x00007f56797f8000)]
  0x00007f5690152800 JavaThread "pool-1-thread-2" [_thread_blocked, id=7983, stack(0x00007f56797f8000,0x00007f56798f9000)]
  0x00007f5690151000 JavaThread "pool-2-thread-1" [_thread_blocked, id=7982, stack(0x00007f56798f9000,0x00007f56799fa000)]
  0x00007f569014e800 JavaThread "pool-1-thread-1" [_thread_blocked, id=7981, stack(0x00007f56799fa000,0x00007f5679afb000)]
  0x00007f56900c1000 JavaThread "Service Thread" daemon [_thread_blocked, id=7959, stack(0x00007f5679bfc000,0x00007f5679cfd000)]
  0x00007f56900be000 JavaThread "C1 CompilerThread2" daemon [_thread_blocked, id=7958, stack(0x00007f5679cfd000,0x00007f5679dfe000)]
  0x00007f56900bc000 JavaThread "C2 CompilerThread1" daemon [_thread_blocked, id=7957, stack(0x00007f5679dfe000,0x00007f5679eff000)]
  0x00007f56900b9000 JavaThread "C2 CompilerThread0" daemon [_thread_in_native, id=7956, stack(0x00007f5679eff000,0x00007f567a000000)]
  0x00007f56900b7800 JavaThread "Signal Dispatcher" daemon [_thread_blocked, id=7955, stack(0x00007f5680013000,0x00007f5680114000)]
  0x00007f5690084800 JavaThread "Finalizer" daemon [_thread_blocked, id=7954, stack(0x00007f56807f8000,0x00007f56808f9000)]
  0x00007f5690080000 JavaThread "Reference Handler" daemon [_thread_blocked, id=7953, stack(0x00007f56808f9000,0x00007f56809fa000)]
  0x00007f569000a000 JavaThread "main" [_thread_blocked, id=7944, stack(0x00007f56990c2000,0x00007f56991c3000)]

Other Threads:
=>0x00007f5690078000 VMThread [stack: 0x00007f56809fa000,0x00007f5680afb000] [id=7952]
  0x00007f56900c3800 WatcherThread [stack: 0x00007f5679afb000,0x00007f5679bfc000] [id=7960]

VM state:at safepoint (normal execution)

VM Mutex/Monitor currently owned by a thread:  ([mutex/lock_event])
[0x00007f5690006510] Threads_lock - owner thread: 0x00007f5690078000
[0x00007f5690006a10] Heap_lock - owner thread: 0x00007f5690154800

Heap:
 PSYoungGen      total 64000K, used 2528K [0x00000000eab00000, 0x00000000eec00000, 0x0000000100000000)
  eden space 61440K, 0% used [0x00000000eab00000,0x00000000eab00000,0x00000000ee700000)
  from space 2560K, 98% used [0x00000000ee700000,0x00000000ee978028,0x00000000ee980000)
  to   space 2560K, 0% used [0x00000000ee980000,0x00000000ee980000,0x00000000eec00000)
 ParOldGen       total 40960K, used 20187K [0x00000000c0000000, 0x00000000c2800000, 0x00000000eab00000)
  object space 40960K, 49% used [0x00000000c0000000,0x00000000c13b6d68,0x00000000c2800000)
 Metaspace       used 5945K, capacity 6896K, committed 7040K, reserved 1056768K
  class space    used 593K, capacity 616K, committed 640K, reserved 1048576K

Card table byte_map: [0x00007f5695c81000,0x00007f5695e82000] byte_map_base: 0x00007f5695681000

Marking Bits: (ParMarkBitMap*) 0x00007f5698599100
 Begin Bits: [0x00007f567a000000, 0x00007f567b000000)
 End Bits:   [0x00007f567b000000, 0x00007f567c000000)

Polling page: 0x00007f56991e6000

CodeCache: size=245760Kb used=4800Kb max_used=4800Kb free=240959Kb
 bounds [0x00007f5681000000, 0x00007f56814c0000, 0x00007f5690000000]
 total_blobs=1535 nmethods=1266 adapters=182
 compilation: enabled

Compilation events (10 events):
Event: 6,911 Thread 0x00007f56900be000 nmethod 1541 0x00007f56814af850 code [0x00007f56814afa80, 0x00007f56814b02d8]
Event: 6,911 Thread 0x00007f56900be000 1552       2       com.android.dx.dex.cf.CfTranslator::translate0 (259 bytes)
Event: 6,914 Thread 0x00007f56900be000 nmethod 1552 0x00007f56814b0cd0 code [0x00007f56814b0fe0, 0x00007f56814b1e48]
Event: 6,914 Thread 0x00007f56900be000 1543       2       com.android.dx.rop.code.SourcePosition::equals (46 bytes)
Event: 6,915 Thread 0x00007f56900be000 nmethod 1543 0x00007f56814b3350 code [0x00007f56814b34c0, 0x00007f56814b3708]
Event: 6,915 Thread 0x00007f56900be000 1551       2       java.util.TreeMap::rotateLeft (96 bytes)
Event: 6,915 Thread 0x00007f56900be000 nmethod 1551 0x00007f56814b3810 code [0x00007f56814b3980, 0x00007f56814b3bf0]
Event: 6,915 Thread 0x00007f56900be000 1545       2       com.android.dx.rop.type.StdTypeList::equalContents (56 bytes)
Event: 6,915 Thread 0x00007f56900be000 nmethod 1545 0x00007f56814b3d10 code [0x00007f56814b3ec0, 0x00007f56814b41e8]
Event: 6,915 Thread 0x00007f56900be000 1548       2       java.util.HashMap::<init> (8 bytes)

GC Heap History (9 events):
Event: 1,783 GC heap before
{Heap before GC invocations=1 (full 0):
 PSYoungGen      total 17920K, used 15360K [0x00000000eab00000, 0x00000000ebf00000, 0x0000000100000000)
  eden space 15360K, 100% used [0x00000000eab00000,0x00000000eba00000,0x00000000eba00000)
  from space 2560K, 0% used [0x00000000ebc80000,0x00000000ebc80000,0x00000000ebf00000)
  to   space 2560K, 0% used [0x00000000eba00000,0x00000000eba00000,0x00000000ebc80000)
 ParOldGen       total 40960K, used 0K [0x00000000c0000000, 0x00000000c2800000, 0x00000000eab00000)
  object space 40960K, 0% used [0x00000000c0000000,0x00000000c0000000,0x00000000c2800000)
 Metaspace       used 5102K, capacity 6160K, committed 6272K, reserved 1056768K
  class space    used 561K, capacity 584K, committed 640K, reserved 1048576K
Event: 1,816 GC heap after
Heap after GC invocations=1 (full 0):
 PSYoungGen      total 17920K, used 2549K [0x00000000eab00000, 0x00000000ece00000, 0x0000000100000000)
  eden space 15360K, 0% used [0x00000000eab00000,0x00000000eab00000,0x00000000eba00000)
  from space 2560K, 99% used [0x00000000eba00000,0x00000000ebc7d700,0x00000000ebc80000)
  to   space 2560K, 0% used [0x00000000ecb80000,0x00000000ecb80000,0x00000000ece00000)
 ParOldGen       total 40960K, used 141K [0x00000000c0000000, 0x00000000c2800000, 0x00000000eab00000)
  object space 40960K, 0% used [0x00000000c0000000,0x00000000c0023778,0x00000000c2800000)
 Metaspace       used 5102K, capacity 6160K, committed 6272K, reserved 1056768K
  class space    used 561K, capacity 584K, committed 640K, reserved 1048576K
}
Event: 2,902 GC heap before
{Heap before GC invocations=2 (full 0):
 PSYoungGen      total 17920K, used 17909K [0x00000000eab00000, 0x00000000ece00000, 0x0000000100000000)
  eden space 15360K, 100% used [0x00000000eab00000,0x00000000eba00000,0x00000000eba00000)
  from space 2560K, 99% used [0x00000000eba00000,0x00000000ebc7d700,0x00000000ebc80000)
  to   space 2560K, 0% used [0x00000000ecb80000,0x00000000ecb80000,0x00000000ece00000)
 ParOldGen       total 40960K, used 141K [0x00000000c0000000, 0x00000000c2800000, 0x00000000eab00000)
  object space 40960K, 0% used [0x00000000c0000000,0x00000000c0023778,0x00000000c2800000)
 Metaspace       used 5739K, capacity 6704K, committed 6784K, reserved 1056768K
  class space    used 591K, capacity 616K, committed 640K, reserved 1048576K
Event: 2,937 GC heap after
Heap after GC invocations=2 (full 0):
 PSYoungGen      total 33280K, used 2535K [0x00000000eab00000, 0x00000000ece00000, 0x0000000100000000)
  eden space 30720K, 0% used [0x00000000eab00000,0x00000000eab00000,0x00000000ec900000)
  from space 2560K, 99% used [0x00000000ecb80000,0x00000000ecdf9c68,0x00000000ece00000)
  to   space 2560K, 0% used [0x00000000ec900000,0x00000000ec900000,0x00000000ecb80000)
 ParOldGen       total 40960K, used 1490K [0x00000000c0000000, 0x00000000c2800000, 0x00000000eab00000)
  object space 40960K, 3% used [0x00000000c0000000,0x00000000c01749d8,0x00000000c2800000)
 Metaspace       used 5739K, capacity 6704K, committed 6784K, reserved 1056768K
  class space    used 591K, capacity 616K, committed 640K, reserved 1048576K
}
Event: 4,785 GC heap before
{Heap before GC invocations=3 (full 0):
 PSYoungGen      total 33280K, used 33255K [0x00000000eab00000, 0x00000000ece00000, 0x0000000100000000)
  eden space 30720K, 100% used [0x00000000eab00000,0x00000000ec900000,0x00000000ec900000)
  from space 2560K, 99% used [0x00000000ecb80000,0x00000000ecdf9c68,0x00000000ece00000)
  to   space 2560K, 0% used [0x00000000ec900000,0x00000000ec900000,0x00000000ecb80000)
 ParOldGen       total 40960K, used 1490K [0x00000000c0000000, 0x00000000c2800000, 0x00000000eab00000)
  object space 40960K, 3% used [0x00000000c0000000,0x00000000c01749d8,0x00000000c2800000)
 Metaspace       used 5817K, capacity 6832K, committed 7040K, reserved 1056768K
  class space    used 592K, capacity 616K, committed 640K, reserved 1048576K
Event: 4,864 GC heap after
Heap after GC invocations=3 (full 0):
 PSYoungGen      total 33280K, used 2528K [0x00000000eab00000, 0x00000000eec00000, 0x0000000100000000)
  eden space 30720K, 0% used [0x00000000eab00000,0x00000000eab00000,0x00000000ec900000)
  from space 2560K, 98% used [0x00000000ec900000,0x00000000ecb78018,0x00000000ecb80000)
  to   space 2560K, 0% used [0x00000000ee980000,0x00000000ee980000,0x00000000eec00000)
 ParOldGen       total 40960K, used 6437K [0x00000000c0000000, 0x00000000c2800000, 0x00000000eab00000)
  object space 40960K, 15% used [0x00000000c0000000,0x00000000c0649580,0x00000000c2800000)
 Metaspace       used 5817K, capacity 6832K, committed 7040K, reserved 1056768K
  class space    used 592K, capacity 616K, committed 640K, reserved 1048576K
}
Event: 5,604 GC heap before
{Heap before GC invocations=4 (full 0):
 PSYoungGen      total 33280K, used 33248K [0x00000000eab00000, 0x00000000eec00000, 0x0000000100000000)
  eden space 30720K, 100% used [0x00000000eab00000,0x00000000ec900000,0x00000000ec900000)
  from space 2560K, 98% used [0x00000000ec900000,0x00000000ecb78018,0x00000000ecb80000)
  to   space 2560K, 0% used [0x00000000ee980000,0x00000000ee980000,0x00000000eec00000)
 ParOldGen       total 40960K, used 6437K [0x00000000c0000000, 0x00000000c2800000, 0x00000000eab00000)
  object space 40960K, 15% used [0x00000000c0000000,0x00000000c0649580,0x00000000c2800000)
 Metaspace       used 5864K, capacity 6832K, committed 7040K, reserved 1056768K
  class space    used 593K, capacity 616K, committed 640K, reserved 1048576K
Event: 5,676 GC heap after
Heap after GC invocations=4 (full 0):
 PSYoungGen      total 64000K, used 2553K [0x00000000eab00000, 0x00000000eec00000, 0x0000000100000000)
  eden space 61440K, 0% used [0x00000000eab00000,0x00000000eab00000,0x00000000ee700000)
  from space 2560K, 99% used [0x00000000ee980000,0x00000000eebfe620,0x00000000eec00000)
  to   space 2560K, 0% used [0x00000000ee700000,0x00000000ee700000,0x00000000ee980000)
 ParOldGen       total 40960K, used 11163K [0x00000000c0000000, 0x00000000c2800000, 0x00000000eab00000)
  object space 40960K, 27% used [0x00000000c0000000,0x00000000c0ae6e38,0x00000000c2800000)
 Metaspace       used 5864K, capacity 6832K, committed 7040K, reserved 1056768K
  class space    used 593K, capacity 616K, committed 640K, reserved 1048576K
}
Event: 6,935 GC heap before
{Heap before GC invocations=5 (full 0):
 PSYoungGen      total 64000K, used 63993K [0x00000000eab00000, 0x00000000eec00000, 0x0000000100000000)
  eden space 61440K, 100% used [0x00000000eab00000,0x00000000ee700000,0x00000000ee700000)
  from space 2560K, 99% used [0x00000000ee980000,0x00000000eebfe620,0x00000000eec00000)
  to   space 2560K, 0% used [0x00000000ee700000,0x00000000ee700000,0x00000000ee980000)
 ParOldGen       total 40960K, used 11163K [0x00000000c0000000, 0x00000000c2800000, 0x00000000eab00000)
  object space 40960K, 27% used [0x00000000c0000000,0x00000000c0ae6e38,0x00000000c2800000)
 Metaspace       used 5945K, capacity 6896K, committed 7040K, reserved 1056768K
  class space    used 593K, capacity 616K, committed 640K, reserved 1048576K

Deoptimization events (10 events):
Event: 2,000 Thread 0x00007f569000a000 Uncommon trap: reason=unstable_if action=reinterpret pc=0x00007f56811f342c method=java.util.BitSet.nextSetBit(I)I @ 87
Event: 2,529 Thread 0x00007f5690156000 Uncommon trap: reason=class_check action=maybe_recompile pc=0x00007f5681209b90 method=com.android.dx.ssa.NormalSsaInsn.accept(Lcom/android/dx/ssa/SsaInsn$Visitor;)V @ 9
Event: 2,529 Thread 0x00007f5690156000 Uncommon trap: reason=class_check action=maybe_recompile pc=0x00007f5681209b90 method=com.android.dx.ssa.NormalSsaInsn.accept(Lcom/android/dx/ssa/SsaInsn$Visitor;)V @ 9
Event: 2,529 Thread 0x00007f5690156000 Uncommon trap: reason=class_check action=maybe_recompile pc=0x00007f5681209b90 method=com.android.dx.ssa.NormalSsaInsn.accept(Lcom/android/dx/ssa/SsaInsn$Visitor;)V @ 9
Event: 2,529 Thread 0x00007f5690156000 Uncommon trap: reason=class_check action=maybe_recompile pc=0x00007f5681209b90 method=com.android.dx.ssa.NormalSsaInsn.accept(Lcom/android/dx/ssa/SsaInsn$Visitor;)V @ 9
Event: 3,068 Thread 0x00007f569000a000 Uncommon trap: reason=unstable_if action=reinterpret pc=0x00007f568124d610 method=java.lang.String.<init>([CII)V @ 18
Event: 3,429 Thread 0x00007f5690154800 Uncommon trap: reason=unstable_if action=reinterpret pc=0x00007f56812a471c method=com.android.dx.rop.cst.Constant.compareTo(Lcom/android/dx/rop/cst/Constant;)I @ 12
Event: 3,607 Thread 0x00007f569014e800 Uncommon trap: reason=class_check action=maybe_recompile pc=0x00007f5681296598 method=com.android.dx.ssa.NormalSsaInsn.accept(Lcom/android/dx/ssa/SsaInsn$Visitor;)V @ 9
Event: 5,147 Thread 0x00007f5690156000 Uncommon trap: reason=null_check action=make_not_entrant pc=0x00007f568131aca0 method=com.android.dx.rop.type.Type.equals(Ljava/lang/Object;)Z @ 8
Event: 6,338 Thread 0x00007f5690152800 Uncommon trap: reason=unstable_if action=reinterpret pc=0x00007f568121a49c method=java.util.HashMap.getNode(ILjava/lang/Object;)Ljava/util/HashMap$Node; @ 84

Internal exceptions (3 events):
Event: 0,181 Thread 0x00007f569000a000 Exception <a 'java/lang/NoSuchMethodError': Method sun.misc.Unsafe.defineClass(Ljava/lang/String;[BII)Ljava/lang/Class; name or signature does not match> (0x00000000eab07cc0) thrown at [/HUDSON/workspace/8-2-build-linux-amd64/jdk8u77/6540/hotspot/src/shar
Event: 0,181 Thread 0x00007f569000a000 Exception <a 'java/lang/NoSuchMethodError': Method sun.misc.Unsafe.prefetchRead(Ljava/lang/Object;J)V name or signature does not match> (0x00000000eab07fa8) thrown at [/HUDSON/workspace/8-2-build-linux-amd64/jdk8u77/6540/hotspot/src/share/vm/prims/jni.cpp
Event: 5,147 Thread 0x00007f5690156000 Implicit null exception at 0x00007f568131aba2 to 0x00007f568131ac93

Events (10 events):
Event: 6,673 Thread 0x00007f569000a000 DEOPT UNPACKING pc=0x00007f5681047633 sp=0x00007f56991c0418 mode 0
Event: 6,688 Thread 0x00007f569000a000 DEOPT PACKING pc=0x00007f56812a92ed sp=0x00007f56991c0690
Event: 6,688 Thread 0x00007f569000a000 DEOPT UNPACKING pc=0x00007f5681047633 sp=0x00007f56991c0418 mode 0
Event: 6,688 Thread 0x00007f569000a000 DEOPT PACKING pc=0x00007f56812a92ed sp=0x00007f56991c0690
Event: 6,688 Thread 0x00007f569000a000 DEOPT UNPACKING pc=0x00007f5681047633 sp=0x00007f56991c0418 mode 0
Event: 6,697 Thread 0x00007f5690152800 DEOPT PACKING pc=0x00007f56812871c7 sp=0x00007f56798f6e30
Event: 6,697 Thread 0x00007f5690152800 DEOPT UNPACKING pc=0x00007f5681047633 sp=0x00007f56798f6b98 mode 0
Event: 6,764 Thread 0x00007f569000a000 DEOPT PACKING pc=0x00007f56812871c7 sp=0x00007f56991c0640
Event: 6,764 Thread 0x00007f569000a000 DEOPT UNPACKING pc=0x00007f5681047633 sp=0x00007f56991c03a8 mode 0
Event: 6,932 Executing VM operation: ParallelGCFailedAllocation


Dynamic libraries:
00400000-00401000 r-xp 00000000 08:01 4199549                            /usr/lib/jvm/java-8-oracle/bin/java
00600000-00601000 rw-p 00000000 08:01 4199549                            /usr/lib/jvm/java-8-oracle/bin/java
00dfa000-00e1b000 rw-p 00000000 00:00 0                                  [heap]
c0000000-c2800000 rw-p 00000000 00:00 0 
c2800000-eab00000 ---p 00000000 00:00 0 
eab00000-eec00000 rw-p 00000000 00:00 0 
f3c00000-100000000 ---p 00000000 00:00 0 
100000000-1000a0000 rw-p 00000000 00:00 0 
1000a0000-140000000 ---p 00000000 00:00 0 
7f562c000000-7f562c021000 rw-p 00000000 00:00 0 
7f562c021000-7f5630000000 ---p 00000000 00:00 0 
7f5634000000-7f5634021000 rw-p 00000000 00:00 0 
7f5634021000-7f5638000000 ---p 00000000 00:00 0 
7f5638000000-7f5638029000 rw-p 00000000 00:00 0 
7f5638029000-7f563c000000 ---p 00000000 00:00 0 
7f563c000000-7f563c032000 rw-p 00000000 00:00 0 
7f563c032000-7f5640000000 ---p 00000000 00:00 0 
7f5640000000-7f5640021000 rw-p 00000000 00:00 0 
7f5640021000-7f5644000000 ---p 00000000 00:00 0 
7f5644000000-7f5644021000 rw-p 00000000 00:00 0 
7f5644021000-7f5648000000 ---p 00000000 00:00 0 
7f5648000000-7f5648021000 rw-p 00000000 00:00 0 
7f5648021000-7f564c000000 ---p 00000000 00:00 0 
7f564c000000-7f564c562000 rw-p 00000000 00:00 0 
7f564c562000-7f5650000000 ---p 00000000 00:00 0 
7f5650000000-7f565062f000 rw-p 00000000 00:00 0 
7f565062f000-7f5654000000 ---p 00000000 00:00 0 
7f5654000000-7f5654021000 rw-p 00000000 00:00 0 
7f5654021000-7f5658000000 ---p 00000000 00:00 0 
7f5658000000-7f5658760000 rw-p 00000000 00:00 0 
7f5658760000-7f565c000000 ---p 00000000 00:00 0 
7f565c000000-7f565c021000 rw-p 00000000 00:00 0 
7f565c021000-7f5660000000 ---p 00000000 00:00 0 
7f5660000000-7f5660021000 rw-p 00000000 00:00 0 
7f5660021000-7f5664000000 ---p 00000000 00:00 0 
7f5664000000-7f5664021000 rw-p 00000000 00:00 0 
7f5664021000-7f5668000000 ---p 00000000 00:00 0 
7f5668000000-7f566828e000 rw-p 00000000 00:00 0 
7f566828e000-7f566c000000 ---p 00000000 00:00 0 
7f566c000000-7f566c021000 rw-p 00000000 00:00 0 
7f566c021000-7f5670000000 ---p 00000000 00:00 0 
7f5674000000-7f5674021000 rw-p 00000000 00:00 0 
7f5674021000-7f5678000000 ---p 00000000 00:00 0 
7f56795d4000-7f56795f6000 r--p 00000000 08:01 5118193                    /usr/share/locale-langpack/pt_BR/LC_MESSAGES/libc.mo
7f56795f6000-7f56795f9000 ---p 00000000 00:00 0 
7f56795f9000-7f56796f7000 rw-p 00000000 00:00 0                          [stack:7985]
7f56796f7000-7f56796fa000 ---p 00000000 00:00 0 
7f56796fa000-7f56797f8000 rw-p 00000000 00:00 0                          [stack:7984]
7f56797f8000-7f56797fb000 ---p 00000000 00:00 0 
7f56797fb000-7f56798f9000 rw-p 00000000 00:00 0                          [stack:7983]
7f56798f9000-7f56798fc000 ---p 00000000 00:00 0 
7f56798fc000-7f56799fa000 rw-p 00000000 00:00 0                          [stack:7982]
7f56799fa000-7f56799fd000 ---p 00000000 00:00 0 
7f56799fd000-7f5679afb000 rw-p 00000000 00:00 0                          [stack:7981]
7f5679afb000-7f5679afc000 ---p 00000000 00:00 0 
7f5679afc000-7f5679bfc000 rw-p 00000000 00:00 0                          [stack:7960]
7f5679bfc000-7f5679bff000 ---p 00000000 00:00 0 
7f5679bff000-7f5679cfd000 rw-p 00000000 00:00 0                          [stack:7959]
7f5679cfd000-7f5679d00000 ---p 00000000 00:00 0 
7f5679d00000-7f5679dfe000 rw-p 00000000 00:00 0                          [stack:7958]
7f5679dfe000-7f5679e01000 ---p 00000000 00:00 0 
7f5679e01000-7f5679eff000 rw-p 00000000 00:00 0                          [stack:7957]
7f5679eff000-7f5679f02000 ---p 00000000 00:00 0 
7f5679f02000-7f567c000000 rw-p 00000000 00:00 0                          [stack:7956]
7f567c000000-7f567c021000 rw-p 00000000 00:00 0 
7f567c021000-7f5680000000 ---p 00000000 00:00 0 
7f5680013000-7f5680016000 ---p 00000000 00:00 0 
7f5680016000-7f5680114000 rw-p 00000000 00:00 0                          [stack:7955]
7f5680114000-7f56807f8000 r--p 00000000 08:01 4202033                    /usr/lib/locale/locale-archive
7f56807f8000-7f56807fb000 ---p 00000000 00:00 0 
7f56807fb000-7f56808f9000 rw-p 00000000 00:00 0                          [stack:7954]
7f56808f9000-7f56808fc000 ---p 00000000 00:00 0 
7f56808fc000-7f56809fa000 rw-p 00000000 00:00 0                          [stack:7953]
7f56809fa000-7f56809fb000 ---p 00000000 00:00 0 
7f56809fb000-7f5681000000 rw-p 00000000 00:00 0                          [stack:7952]
7f5681000000-7f56814c0000 rwxp 00000000 00:00 0 
7f56814c0000-7f5690000000 ---p 00000000 00:00 0 
7f5690000000-7f56903a9000 rw-p 00000000 00:00 0 
7f56903a9000-7f5694000000 ---p 00000000 00:00 0 
7f5694007000-7f569400e000 r--s 00000000 08:01 4851822                    /usr/lib/x86_64-linux-gnu/gconv/gconv-modules.cache
7f569400e000-7f569401b000 r--s 0006e000 08:01 679799                     /home/joao/git/VemPraCarruaruAPP/app/build/intermediates/exploded-aar/com.google.android.gms/play-services-basement/8.4.0/jars/classes.jar
7f569401b000-7f569402a000 r--s 000df000 08:01 656217                     /home/joao/Android/Sdk/build-tools/23.0.2/lib/dx.jar
7f569402a000-7f5694ad9000 rw-p 00000000 00:00 0 
7f5694ad9000-7f5694cb1000 r--s 03d1e000 08:01 4206586                    /usr/lib/jvm/java-8-oracle/jre/lib/rt.jar
7f5694cb1000-7f5695367000 rw-p 00000000 00:00 0 
7f5695367000-7f5695527000 ---p 00000000 00:00 0 
7f5695527000-7f5695727000 rw-p 00000000 00:00 0 
7f5695727000-7f5695728000 ---p 00000000 00:00 0 
7f5695728000-7f5695828000 rw-p 00000000 00:00 0                          [stack:7951]
7f5695828000-7f5695829000 ---p 00000000 00:00 0 
7f5695829000-7f5695929000 rw-p 00000000 00:00 0                          [stack:7950]
7f5695929000-7f569592a000 ---p 00000000 00:00 0 
7f569592a000-7f5695a2a000 rw-p 00000000 00:00 0                          [stack:7949]
7f5695a2a000-7f5695a2b000 ---p 00000000 00:00 0 
7f5695a2b000-7f5695b3f000 rw-p 00000000 00:00 0                          [stack:7948]
7f5695b3f000-7f5695c81000 ---p 00000000 00:00 0 
7f5695c81000-7f5695c95000 rw-p 00000000 00:00 0 
7f5695c95000-7f5695dd6000 ---p 00000000 00:00 0 
7f5695dd6000-7f5695df7000 rw-p 00000000 00:00 0 
7f5695df7000-7f5695e81000 ---p 00000000 00:00 0 
7f5695e81000-7f5695e95000 rw-p 00000000 00:00 0 
7f5695e95000-7f5696242000 ---p 00000000 00:00 0 
7f5696242000-7f569625c000 r-xp 00000000 08:01 4206793                    /usr/lib/jvm/java-8-oracle/jre/lib/amd64/libzip.so
7f569625c000-7f569645c000 ---p 0001a000 08:01 4206793                    /usr/lib/jvm/java-8-oracle/jre/lib/amd64/libzip.so
7f569645c000-7f569645d000 rw-p 0001a000 08:01 4206793                    /usr/lib/jvm/java-8-oracle/jre/lib/amd64/libzip.so
7f569645d000-7f5696469000 r-xp 00000000 08:01 4462855                    /lib/x86_64-linux-gnu/libnss_files-2.21.so
7f5696469000-7f5696668000 ---p 0000c000 08:01 4462855                    /lib/x86_64-linux-gnu/libnss_files-2.21.so
7f5696668000-7f5696669000 r--p 0000b000 08:01 4462855                    /lib/x86_64-linux-gnu/libnss_files-2.21.so
7f5696669000-7f569666a000 rw-p 0000c000 08:01 4462855                    /lib/x86_64-linux-gnu/libnss_files-2.21.so
7f569666a000-7f5696675000 r-xp 00000000 08:01 4462866                    /lib/x86_64-linux-gnu/libnss_nis-2.21.so
7f5696675000-7f5696874000 ---p 0000b000 08:01 4462866                    /lib/x86_64-linux-gnu/libnss_nis-2.21.so
7f5696874000-7f5696875000 r--p 0000a000 08:01 4462866                    /lib/x86_64-linux-gnu/libnss_nis-2.21.so
7f5696875000-7f5696876000 rw-p 0000b000 08:01 4462866                    /lib/x86_64-linux-gnu/libnss_nis-2.21.so
7f5696876000-7f569688d000 r-xp 00000000 08:01 4462860                    /lib/x86_64-linux-gnu/libnsl-2.21.so
7f569688d000-7f5696a8c000 ---p 00017000 08:01 4462860                    /lib/x86_64-linux-gnu/libnsl-2.21.so
7f5696a8c000-7f5696a8d000 r--p 00016000 08:01 4462860                    /lib/x86_64-linux-gnu/libnsl-2.21.so
7f5696a8d000-7f5696a8e000 rw-p 00017000 08:01 4462860                    /lib/x86_64-linux-gnu/libnsl-2.21.so
7f5696a8e000-7f5696a90000 rw-p 00000000 00:00 0 
7f5696a90000-7f5696a98000 r-xp 00000000 08:01 4462856                    /lib/x86_64-linux-gnu/libnss_compat-2.21.so
7f5696a98000-7f5696c97000 ---p 00008000 08:01 4462856                    /lib/x86_64-linux-gnu/libnss_compat-2.21.so
7f5696c97000-7f5696c98000 r--p 00007000 08:01 4462856                    /lib/x86_64-linux-gnu/libnss_compat-2.21.so
7f5696c98000-7f5696c99000 rw-p 00008000 08:01 4462856                    /lib/x86_64-linux-gnu/libnss_compat-2.21.so
7f5696c99000-7f5696cc3000 r-xp 00000000 08:01 4206788                    /usr/lib/jvm/java-8-oracle/jre/lib/amd64/libjava.so
7f5696cc3000-7f5696ec3000 ---p 0002a000 08:01 4206788                    /usr/lib/jvm/java-8-oracle/jre/lib/amd64/libjava.so
7f5696ec3000-7f5696ec5000 rw-p 0002a000 08:01 4206788                    /usr/lib/jvm/java-8-oracle/jre/lib/amd64/libjava.so
7f5696ec5000-7f5696ed2000 r-xp 00000000 08:01 4206792                    /usr/lib/jvm/java-8-oracle/jre/lib/amd64/libverify.so
7f5696ed2000-7f56970d2000 ---p 0000d000 08:01 4206792                    /usr/lib/jvm/java-8-oracle/jre/lib/amd64/libverify.so
7f56970d2000-7f56970d4000 rw-p 0000d000 08:01 4206792                    /usr/lib/jvm/java-8-oracle/jre/lib/amd64/libverify.so
7f56970d4000-7f56970db000 r-xp 00000000 08:01 4462853                    /lib/x86_64-linux-gnu/librt-2.21.so
7f56970db000-7f56972da000 ---p 00007000 08:01 4462853                    /lib/x86_64-linux-gnu/librt-2.21.so
7f56972da000-7f56972db000 r--p 00006000 08:01 4462853                    /lib/x86_64-linux-gnu/librt-2.21.so
7f56972db000-7f56972dc000 rw-p 00007000 08:01 4462853                    /lib/x86_64-linux-gnu/librt-2.21.so
7f56972dc000-7f56973e3000 r-xp 00000000 08:01 4462868                    /lib/x86_64-linux-gnu/libm-2.21.so
7f56973e3000-7f56975e2000 ---p 00107000 08:01 4462868                    /lib/x86_64-linux-gnu/libm-2.21.so
7f56975e2000-7f56975e3000 r--p 00106000 08:01 4462868                    /lib/x86_64-linux-gnu/libm-2.21.so
7f56975e3000-7f56975e4000 rw-p 00107000 08:01 4462868                    /lib/x86_64-linux-gnu/libm-2.21.so
7f56975e4000-7f56982a3000 r-xp 00000000 08:01 4206813                    /usr/lib/jvm/java-8-oracle/jre/lib/amd64/server/libjvm.so
7f56982a3000-7f56984a2000 ---p 00cbf000 08:01 4206813                    /usr/lib/jvm/java-8-oracle/jre/lib/amd64/server/libjvm.so
7f56984a2000-7f569857b000 rw-p 00cbe000 08:01 4206813                    /usr/lib/jvm/java-8-oracle/jre/lib/amd64/server/libjvm.so
7f569857b000-7f56985c4000 rw-p 00000000 00:00 0 
7f56985c4000-7f5698784000 r-xp 00000000 08:01 4462869                    /lib/x86_64-linux-gnu/libc-2.21.so
7f5698784000-7f5698984000 ---p 001c0000 08:01 4462869                    /lib/x86_64-linux-gnu/libc-2.21.so
7f5698984000-7f5698988000 r--p 001c0000 08:01 4462869                    /lib/x86_64-linux-gnu/libc-2.21.so
7f5698988000-7f569898a000 rw-p 001c4000 08:01 4462869                    /lib/x86_64-linux-gnu/libc-2.21.so
7f569898a000-7f569898e000 rw-p 00000000 00:00 0 
7f569898e000-7f5698991000 r-xp 00000000 08:01 4462865                    /lib/x86_64-linux-gnu/libdl-2.21.so
7f5698991000-7f5698b90000 ---p 00003000 08:01 4462865                    /lib/x86_64-linux-gnu/libdl-2.21.so
7f5698b90000-7f5698b91000 r--p 00002000 08:01 4462865                    /lib/x86_64-linux-gnu/libdl-2.21.so
7f5698b91000-7f5698b92000 rw-p 00003000 08:01 4462865                    /lib/x86_64-linux-gnu/libdl-2.21.so
7f5698b92000-7f5698ba7000 r-xp 00000000 08:01 4203916                    /usr/lib/jvm/java-8-oracle/lib/amd64/jli/libjli.so
7f5698ba7000-7f5698da7000 ---p 00015000 08:01 4203916                    /usr/lib/jvm/java-8-oracle/lib/amd64/jli/libjli.so
7f5698da7000-7f5698da8000 rw-p 00015000 08:01 4203916                    /usr/lib/jvm/java-8-oracle/lib/amd64/jli/libjli.so
7f5698da8000-7f5698dc0000 r-xp 00000000 08:01 4462854                    /lib/x86_64-linux-gnu/libpthread-2.21.so
7f5698dc0000-7f5698fc0000 ---p 00018000 08:01 4462854                    /lib/x86_64-linux-gnu/libpthread-2.21.so
7f5698fc0000-7f5698fc1000 r--p 00018000 08:01 4462854                    /lib/x86_64-linux-gnu/libpthread-2.21.so
7f5698fc1000-7f5698fc2000 rw-p 00019000 08:01 4462854                    /lib/x86_64-linux-gnu/libpthread-2.21.so
7f5698fc2000-7f5698fc6000 rw-p 00000000 00:00 0 
7f5698fc6000-7f5698fea000 r-xp 00000000 08:01 4462863                    /lib/x86_64-linux-gnu/ld-2.21.so
7f5698ff0000-7f56990c2000 rw-p 00000000 00:00 0 
7f56990c2000-7f56990c5000 ---p 00000000 00:00 0 
7f56990c5000-7f56991c7000 rw-p 00000000 00:00 0                          [stack:7944]
7f56991c8000-7f56991dd000 rw-p 00000000 00:00 0 
7f56991dd000-7f56991e5000 rw-s 00000000 08:01 1049081                    /tmp/hsperfdata_joao/7942
7f56991e5000-7f56991e6000 rw-p 00000000 00:00 0 
7f56991e6000-7f56991e7000 ---p 00000000 00:00 0 
7f56991e7000-7f56991e9000 rw-p 00000000 00:00 0 
7f56991e9000-7f56991ea000 r--p 00023000 08:01 4462863                    /lib/x86_64-linux-gnu/ld-2.21.so
7f56991ea000-7f56991eb000 rw-p 00024000 08:01 4462863                    /lib/x86_64-linux-gnu/ld-2.21.so
7f56991eb000-7f56991ec000 rw-p 00000000 00:00 0 
7ffe45ad7000-7ffe45af8000 rw-p 00000000 00:00 0                          [stack]
7ffe45b06000-7ffe45b08000 r--p 00000000 00:00 0                          [vvar]
7ffe45b08000-7ffe45b0a000 r-xp 00000000 00:00 0                          [vdso]
ffffffffff600000-ffffffffff601000 r-xp 00000000 00:00 0                  [vsyscall]

VM Arguments:
jvm_args: -Djava.awt.headless=true -Xmx1024M -Dfile.encoding=UTF-8 -Duser.country=BR -Duser.language=pt -Duser.variant 
java_command: com.android.dx.command.Main --dex --num-threads=4 --output /home/joao/git/VemPraCarruaruAPP/app/build/intermediates/pre-dexed/debug/com.google.android.gms-play-services-basement-8.4.0_0f6439b054900aea1181772bb6c21935914a3e7a.jar /home/joao/git/VemPraCarruaruAPP/app/build/intermediates/exploded-aar/com.google.android.gms/play-services-basement/8.4.0/jars/classes.jar
java_class_path (initial): /home/joao/Android/Sdk/build-tools/23.0.2/lib/dx.jar
Launcher Type: SUN_STANDARD

Environment Variables:
PATH=/usr/local/sbin:/usr/local/bin:/usr/sbin:/usr/bin:/sbin:/bin:/usr/games:/usr/local/games
LD_LIBRARY_PATH=/opt/android-studio/bin:
SHELL=/bin/bash
DISPLAY=:0

Signal Handlers:
SIGSEGV: [libjvm.so+0xabb070], sa_mask[0]=11111111011111111101111111111110, sa_flags=SA_RESTART|SA_SIGINFO
SIGBUS: [libjvm.so+0xabb070], sa_mask[0]=11111111011111111101111111111110, sa_flags=SA_RESTART|SA_SIGINFO
SIGFPE: [libjvm.so+0x918480], sa_mask[0]=11111111011111111101111111111110, sa_flags=SA_RESTART|SA_SIGINFO
SIGPIPE: [libjvm.so+0x918480], sa_mask[0]=11111111011111111101111111111110, sa_flags=SA_RESTART|SA_SIGINFO
SIGXFSZ: [libjvm.so+0x918480], sa_mask[0]=11111111011111111101111111111110, sa_flags=SA_RESTART|SA_SIGINFO
SIGILL: [libjvm.so+0x918480], sa_mask[0]=11111111011111111101111111111110, sa_flags=SA_RESTART|SA_SIGINFO
SIGUSR1: SIG_DFL, sa_mask[0]=00000000000000000000000000000000, sa_flags=none
SIGUSR2: [libjvm.so+0x919ab0], sa_mask[0]=00100000000000000000000000000000, sa_flags=SA_RESTART|SA_SIGINFO
SIGHUP: [libjvm.so+0x91aeb0], sa_mask[0]=11111111011111111101111111111110, sa_flags=SA_RESTART|SA_SIGINFO
SIGINT: [libjvm.so+0x91aeb0], sa_mask[0]=11111111011111111101111111111110, sa_flags=SA_RESTART|SA_SIGINFO
SIGTERM: [libjvm.so+0x91aeb0], sa_mask[0]=11111111011111111101111111111110, sa_flags=SA_RESTART|SA_SIGINFO
SIGQUIT: [libjvm.so+0x91aeb0], sa_mask[0]=11111111011111111101111111111110, sa_flags=SA_RESTART|SA_SIGINFO


---------------  S Y S T E M  ---------------

OS:DISTRIB_ID=Ubuntu
DISTRIB_RELEASE=15.10
DISTRIB_CODENAME=wily
DISTRIB_DESCRIPTION="Ubuntu 15.10"

uname:Linux 4.2.0-35-generic #40-Ubuntu SMP Tue Mar 15 22:15:45 UTC 2016 x86_64
libc:glibc 2.21 NPTL 2.21 
rlimit: STACK 8192k, CORE 0k, NPROC 15139, NOFILE 65536, AS infinity
load average:9,75 4,73 2,39

/proc/meminfo:
MemTotal:        3912412 kB
MemFree:          385220 kB
MemAvailable:     446144 kB
Buffers:             928 kB
Cached:           436104 kB
SwapCached:            0 kB
Active:          2332424 kB
Inactive:         360808 kB
Active(anon):    2324844 kB
Inactive(anon):   320172 kB
Active(file):       7580 kB
Inactive(file):    40636 kB
Unevictable:          84 kB
Mlocked:              84 kB
SwapTotal:             0 kB
SwapFree:              0 kB
Dirty:                 4 kB
Writeback:            20 kB
AnonPages:       2257600 kB
Mapped:           824340 kB
Shmem:            387688 kB
Slab:              85580 kB
SReclaimable:      41928 kB
SUnreclaim:        43652 kB
KernelStack:       10672 kB
PageTables:        38876 kB
NFS_Unstable:          0 kB
Bounce:                0 kB
WritebackTmp:          0 kB
CommitLimit:     1956204 kB
Committed_AS:    6951848 kB
VmallocTotal:   34359738367 kB
VmallocUsed:      349804 kB
VmallocChunk:   34358947836 kB
HardwareCorrupted:     0 kB
AnonHugePages:    696320 kB
CmaTotal:              0 kB
CmaFree:               0 kB
HugePages_Total:       0
HugePages_Free:        0
HugePages_Rsvd:        0
HugePages_Surp:        0
Hugepagesize:       2048 kB
DirectMap4k:      124152 kB
DirectMap2M:     3936256 kB


CPU:total 4 (2 cores per cpu, 2 threads per core) family 6 model 58 stepping 9, cmov, cx8, fxsr, mmx, sse, sse2, sse3, ssse3, sse4.1, sse4.2, popcnt, avx, aes, clmul, erms, ht, tsc, tscinvbit, tscinv

/proc/cpuinfo:
processor	: 0
vendor_id	: GenuineIntel
cpu family	: 6
model		: 58
model name	: Intel(R) Core(TM) i5-3210M CPU @ 2.50GHz
stepping	: 9
microcode	: 0x1b
cpu MHz		: 2900.000
cache size	: 3072 KB
physical id	: 0
siblings	: 4
core id		: 0
cpu cores	: 2
apicid		: 0
initial apicid	: 0
fpu		: yes
fpu_exception	: yes
cpuid level	: 13
wp		: yes
flags		: fpu vme de pse tsc msr pae mce cx8 apic sep mtrr pge mca cmov pat pse36 clflush dts acpi mmx fxsr sse sse2 ss ht tm pbe syscall nx rdtscp lm constant_tsc arch_perfmon pebs bts rep_good nopl xtopology nonstop_tsc aperfmperf eagerfpu pni pclmulqdq dtes64 monitor ds_cpl vmx est tm2 ssse3 cx16 xtpr pdcm pcid sse4_1 sse4_2 x2apic popcnt tsc_deadline_timer aes xsave avx f16c rdrand lahf_lm ida arat epb pln pts dtherm tpr_shadow vnmi flexpriority ept vpid fsgsbase smep erms xsaveopt
bugs		:
bogomips	: 4988.35
clflush size	: 64
cache_alignment	: 64
address sizes	: 36 bits physical, 48 bits virtual
power management:

processor	: 1
vendor_id	: GenuineIntel
cpu family	: 6
model		: 58
model name	: Intel(R) Core(TM) i5-3210M CPU @ 2.50GHz
stepping	: 9
microcode	: 0x1b
cpu MHz		: 2899.902
cache size	: 3072 KB
physical id	: 0
siblings	: 4
core id		: 0
cpu cores	: 2
apicid		: 1
initial apicid	: 1
fpu		: yes
fpu_exception	: yes
cpuid level	: 13
wp		: yes
flags		: fpu vme de pse tsc msr pae mce cx8 apic sep mtrr pge mca cmov pat pse36 clflush dts acpi mmx fxsr sse sse2 ss ht tm pbe syscall nx rdtscp lm constant_tsc arch_perfmon pebs bts rep_good nopl xtopology nonstop_tsc aperfmperf eagerfpu pni pclmulqdq dtes64 monitor ds_cpl vmx est tm2 ssse3 cx16 xtpr pdcm pcid sse4_1 sse4_2 x2apic popcnt tsc_deadline_timer aes xsave avx f16c rdrand lahf_lm ida arat epb pln pts dtherm tpr_shadow vnmi flexpriority ept vpid fsgsbase smep erms xsaveopt
bugs		:
bogomips	: 4988.35
clflush size	: 64
cache_alignment	: 64
address sizes	: 36 bits physical, 48 bits virtual
power management:

processor	: 2
vendor_id	: GenuineIntel
cpu family	: 6
model		: 58
model name	: Intel(R) Core(TM) i5-3210M CPU @ 2.50GHz
stepping	: 9
microcode	: 0x1b
cpu MHz		: 2899.902
cache size	: 3072 KB
physical id	: 0
siblings	: 4
core id		: 1
cpu cores	: 2
apicid		: 2
initial apicid	: 2
fpu		: yes
fpu_exception	: yes
cpuid level	: 13
wp		: yes
flags		: fpu vme de pse tsc msr pae mce cx8 apic sep mtrr pge mca cmov pat pse36 clflush dts acpi mmx fxsr sse sse2 ss ht tm pbe syscall nx rdtscp lm constant_tsc arch_perfmon pebs bts rep_good nopl xtopology nonstop_tsc aperfmperf eagerfpu pni pclmulqdq dtes64 monitor ds_cpl vmx est tm2 ssse3 cx16 xtpr pdcm pcid sse4_1 sse4_2 x2apic popcnt tsc_deadline_timer aes xsave avx f16c rdrand lahf_lm ida arat epb pln pts dtherm tpr_shadow vnmi flexpriority ept vpid fsgsbase smep erms xsaveopt
bugs		:
bogomips	: 4988.35
clflush size	: 64
cache_alignment	: 64
address sizes	: 36 bits physical, 48 bits virtual
power management:

processor	: 3
vendor_id	: GenuineIntel
cpu family	: 6
model		: 58
model name	: Intel(R) Core(TM) i5-3210M CPU @ 2.50GHz
stepping	: 9
microcode	: 0x1b
cpu MHz		: 2900.000
cache size	: 3072 KB
physical id	: 0
siblings	: 4
core id		: 1
cpu cores	: 2
apicid		: 3
initial apicid	: 3
fpu		: yes
fpu_exception	: yes
cpuid level	: 13
wp		: yes
flags		: fpu vme de pse tsc msr pae mce cx8 apic sep mtrr pge mca cmov pat pse36 clflush dts acpi mmx fxsr sse sse2 ss ht tm pbe syscall nx rdtscp lm constant_tsc arch_perfmon pebs bts rep_good nopl xtopology nonstop_tsc aperfmperf eagerfpu pni pclmulqdq dtes64 monitor ds_cpl vmx est tm2 ssse3 cx16 xtpr pdcm pcid sse4_1 sse4_2 x2apic popcnt tsc_deadline_timer aes xsave avx f16c rdrand lahf_lm ida arat epb pln pts dtherm tpr_shadow vnmi flexpriority ept vpid fsgsbase smep erms xsaveopt
bugs		:
bogomips	: 4988.35
clflush size	: 64
cache_alignment	: 64
address sizes	: 36 bits physical, 48 bits virtual
power management:



Memory: 4k page, physical 3912412k(384972k free), swap 0k(0k free)

vm_info: Java HotSpot(TM) 64-Bit Server VM (25.77-b03) for linux-amd64 JRE (1.8.0_77-b03), built on Mar 20 2016 22:00:46 by "java_re" with gcc 4.3.0 20080428 (Red Hat 4.3.0-8)

time: Sat Apr  2 22:26:14 2016
elapsed time: 10 seconds (0d 0h 0m 10s)

